<?xml version="1.0" encoding="UTF-8"?>
<testsuite xmlns:xsi="http://www.w3.org/2001/XMLSchema-instance" xsi:noNamespaceSchemaLocation="https://maven.apache.org/surefire/maven-surefire-plugin/xsd/surefire-test-report-3.0.xsd" version="3.0" name="com.prjgrp.artf.VehicleRepairHubApplicationTests" time="3.091" tests="14" errors="0" skipped="0" failures="0">
  <properties>
    <property name="java.specification.version" value="17"/>
    <property name="sun.jnu.encoding" value="UTF-8"/>
    <property name="java.class.path" value="/home/coder/project/workspace/artf/target/test-classes:/home/coder/project/workspace/artf/target/classes:/home/coder/.m2/repository/org/springframework/boot/spring-boot-starter-data-jpa/3.3.4/spring-boot-starter-data-jpa-3.3.4.jar:/home/coder/.m2/repository/org/springframework/boot/spring-boot-starter-aop/3.3.4/spring-boot-starter-aop-3.3.4.jar:/home/coder/.m2/repository/org/springframework/spring-aop/6.1.13/spring-aop-6.1.13.jar:/home/coder/.m2/repository/org/aspectj/aspectjweaver/1.9.22.1/aspectjweaver-1.9.22.1.jar:/home/coder/.m2/repository/org/springframework/boot/spring-boot-starter-jdbc/3.3.4/spring-boot-starter-jdbc-3.3.4.jar:/home/coder/.m2/repository/com/zaxxer/HikariCP/5.1.0/HikariCP-5.1.0.jar:/home/coder/.m2/repository/org/springframework/spring-jdbc/6.1.13/spring-jdbc-6.1.13.jar:/home/coder/.m2/repository/org/hibernate/orm/hibernate-core/6.5.3.Final/hibernate-core-6.5.3.Final.jar:/home/coder/.m2/repository/jakarta/persistence/jakarta.persistence-api/3.1.0/jakarta.persistence-api-3.1.0.jar:/home/coder/.m2/repository/jakarta/transaction/jakarta.transaction-api/2.0.1/jakarta.transaction-api-2.0.1.jar:/home/coder/.m2/repository/org/jboss/logging/jboss-logging/3.5.3.Final/jboss-logging-3.5.3.Final.jar:/home/coder/.m2/repository/org/hibernate/common/hibernate-commons-annotations/6.0.6.Final/hibernate-commons-annotations-6.0.6.Final.jar:/home/coder/.m2/repository/io/smallrye/jandex/3.1.2/jandex-3.1.2.jar:/home/coder/.m2/repository/com/fasterxml/classmate/1.7.0/classmate-1.7.0.jar:/home/coder/.m2/repository/net/bytebuddy/byte-buddy/1.14.19/byte-buddy-1.14.19.jar:/home/coder/.m2/repository/org/glassfish/jaxb/jaxb-runtime/4.0.5/jaxb-runtime-4.0.5.jar:/home/coder/.m2/repository/org/glassfish/jaxb/jaxb-core/4.0.5/jaxb-core-4.0.5.jar:/home/coder/.m2/repository/org/eclipse/angus/angus-activation/2.0.2/angus-activation-2.0.2.jar:/home/coder/.m2/repository/org/glassfish/jaxb/txw2/4.0.5/txw2-4.0.5.jar:/home/coder/.m2/repository/com/sun/istack/istack-commons-runtime/4.1.2/istack-commons-runtime-4.1.2.jar:/home/coder/.m2/repository/jakarta/inject/jakarta.inject-api/2.0.1/jakarta.inject-api-2.0.1.jar:/home/coder/.m2/repository/org/antlr/antlr4-runtime/4.13.0/antlr4-runtime-4.13.0.jar:/home/coder/.m2/repository/org/springframework/data/spring-data-jpa/3.3.4/spring-data-jpa-3.3.4.jar:/home/coder/.m2/repository/org/springframework/data/spring-data-commons/3.3.4/spring-data-commons-3.3.4.jar:/home/coder/.m2/repository/org/springframework/spring-orm/6.1.13/spring-orm-6.1.13.jar:/home/coder/.m2/repository/org/springframework/spring-context/6.1.13/spring-context-6.1.13.jar:/home/coder/.m2/repository/org/springframework/spring-tx/6.1.13/spring-tx-6.1.13.jar:/home/coder/.m2/repository/org/springframework/spring-beans/6.1.13/spring-beans-6.1.13.jar:/home/coder/.m2/repository/jakarta/annotation/jakarta.annotation-api/2.1.1/jakarta.annotation-api-2.1.1.jar:/home/coder/.m2/repository/org/slf4j/slf4j-api/2.0.16/slf4j-api-2.0.16.jar:/home/coder/.m2/repository/org/springframework/spring-aspects/6.1.13/spring-aspects-6.1.13.jar:/home/coder/.m2/repository/org/springframework/boot/spring-boot-starter-web/3.3.4/spring-boot-starter-web-3.3.4.jar:/home/coder/.m2/repository/org/springframework/boot/spring-boot-starter/3.3.4/spring-boot-starter-3.3.4.jar:/home/coder/.m2/repository/org/springframework/boot/spring-boot-starter-logging/3.3.4/spring-boot-starter-logging-3.3.4.jar:/home/coder/.m2/repository/ch/qos/logback/logback-classic/1.5.8/logback-classic-1.5.8.jar:/home/coder/.m2/repository/ch/qos/logback/logback-core/1.5.8/logback-core-1.5.8.jar:/home/coder/.m2/repository/org/apache/logging/log4j/log4j-to-slf4j/2.23.1/log4j-to-slf4j-2.23.1.jar:/home/coder/.m2/repository/org/apache/logging/log4j/log4j-api/2.23.1/log4j-api-2.23.1.jar:/home/coder/.m2/repository/org/slf4j/jul-to-slf4j/2.0.16/jul-to-slf4j-2.0.16.jar:/home/coder/.m2/repository/org/yaml/snakeyaml/2.2/snakeyaml-2.2.jar:/home/coder/.m2/repository/org/springframework/boot/spring-boot-starter-json/3.3.4/spring-boot-starter-json-3.3.4.jar:/home/coder/.m2/repository/com/fasterxml/jackson/core/jackson-databind/2.17.2/jackson-databind-2.17.2.jar:/home/coder/.m2/repository/com/fasterxml/jackson/core/jackson-annotations/2.17.2/jackson-annotations-2.17.2.jar:/home/coder/.m2/repository/com/fasterxml/jackson/core/jackson-core/2.17.2/jackson-core-2.17.2.jar:/home/coder/.m2/repository/com/fasterxml/jackson/datatype/jackson-datatype-jdk8/2.17.2/jackson-datatype-jdk8-2.17.2.jar:/home/coder/.m2/repository/com/fasterxml/jackson/datatype/jackson-datatype-jsr310/2.17.2/jackson-datatype-jsr310-2.17.2.jar:/home/coder/.m2/repository/com/fasterxml/jackson/module/jackson-module-parameter-names/2.17.2/jackson-module-parameter-names-2.17.2.jar:/home/coder/.m2/repository/org/springframework/boot/spring-boot-starter-tomcat/3.3.4/spring-boot-starter-tomcat-3.3.4.jar:/home/coder/.m2/repository/org/apache/tomcat/embed/tomcat-embed-core/10.1.30/tomcat-embed-core-10.1.30.jar:/home/coder/.m2/repository/org/apache/tomcat/embed/tomcat-embed-el/10.1.30/tomcat-embed-el-10.1.30.jar:/home/coder/.m2/repository/org/apache/tomcat/embed/tomcat-embed-websocket/10.1.30/tomcat-embed-websocket-10.1.30.jar:/home/coder/.m2/repository/org/springframework/spring-web/6.1.13/spring-web-6.1.13.jar:/home/coder/.m2/repository/io/micrometer/micrometer-observation/1.13.4/micrometer-observation-1.13.4.jar:/home/coder/.m2/repository/io/micrometer/micrometer-commons/1.13.4/micrometer-commons-1.13.4.jar:/home/coder/.m2/repository/org/springframework/spring-webmvc/6.1.13/spring-webmvc-6.1.13.jar:/home/coder/.m2/repository/org/springframework/spring-expression/6.1.13/spring-expression-6.1.13.jar:/home/coder/.m2/repository/org/springframework/boot/spring-boot-devtools/3.3.4/spring-boot-devtools-3.3.4.jar:/home/coder/.m2/repository/org/springframework/boot/spring-boot/3.3.4/spring-boot-3.3.4.jar:/home/coder/.m2/repository/org/springframework/boot/spring-boot-autoconfigure/3.3.4/spring-boot-autoconfigure-3.3.4.jar:/home/coder/.m2/repository/com/mysql/mysql-connector-j/8.3.0/mysql-connector-j-8.3.0.jar:/home/coder/.m2/repository/org/postgresql/postgresql/42.7.4/postgresql-42.7.4.jar:/home/coder/.m2/repository/org/checkerframework/checker-qual/3.42.0/checker-qual-3.42.0.jar:/home/coder/.m2/repository/org/projectlombok/lombok/1.18.34/lombok-1.18.34.jar:/home/coder/.m2/repository/org/springframework/boot/spring-boot-starter-test/3.3.4/spring-boot-starter-test-3.3.4.jar:/home/coder/.m2/repository/org/springframework/boot/spring-boot-test/3.3.4/spring-boot-test-3.3.4.jar:/home/coder/.m2/repository/org/springframework/boot/spring-boot-test-autoconfigure/3.3.4/spring-boot-test-autoconfigure-3.3.4.jar:/home/coder/.m2/repository/com/jayway/jsonpath/json-path/2.9.0/json-path-2.9.0.jar:/home/coder/.m2/repository/jakarta/xml/bind/jakarta.xml.bind-api/4.0.2/jakarta.xml.bind-api-4.0.2.jar:/home/coder/.m2/repository/jakarta/activation/jakarta.activation-api/2.1.3/jakarta.activation-api-2.1.3.jar:/home/coder/.m2/repository/net/minidev/json-smart/2.5.1/json-smart-2.5.1.jar:/home/coder/.m2/repository/net/minidev/accessors-smart/2.5.1/accessors-smart-2.5.1.jar:/home/coder/.m2/repository/org/ow2/asm/asm/9.6/asm-9.6.jar:/home/coder/.m2/repository/org/assertj/assertj-core/3.25.3/assertj-core-3.25.3.jar:/home/coder/.m2/repository/org/awaitility/awaitility/4.2.2/awaitility-4.2.2.jar:/home/coder/.m2/repository/org/hamcrest/hamcrest/2.2/hamcrest-2.2.jar:/home/coder/.m2/repository/org/junit/jupiter/junit-jupiter/5.10.3/junit-jupiter-5.10.3.jar:/home/coder/.m2/repository/org/junit/jupiter/junit-jupiter-api/5.10.3/junit-jupiter-api-5.10.3.jar:/home/coder/.m2/repository/org/opentest4j/opentest4j/1.3.0/opentest4j-1.3.0.jar:/home/coder/.m2/repository/org/junit/platform/junit-platform-commons/1.10.3/junit-platform-commons-1.10.3.jar:/home/coder/.m2/repository/org/apiguardian/apiguardian-api/1.1.2/apiguardian-api-1.1.2.jar:/home/coder/.m2/repository/org/junit/jupiter/junit-jupiter-params/5.10.3/junit-jupiter-params-5.10.3.jar:/home/coder/.m2/repository/org/junit/jupiter/junit-jupiter-engine/5.10.3/junit-jupiter-engine-5.10.3.jar:/home/coder/.m2/repository/org/junit/platform/junit-platform-engine/1.10.3/junit-platform-engine-1.10.3.jar:/home/coder/.m2/repository/org/mockito/mockito-core/5.11.0/mockito-core-5.11.0.jar:/home/coder/.m2/repository/net/bytebuddy/byte-buddy-agent/1.14.19/byte-buddy-agent-1.14.19.jar:/home/coder/.m2/repository/org/objenesis/objenesis/3.3/objenesis-3.3.jar:/home/coder/.m2/repository/org/mockito/mockito-junit-jupiter/5.11.0/mockito-junit-jupiter-5.11.0.jar:/home/coder/.m2/repository/org/skyscreamer/jsonassert/1.5.3/jsonassert-1.5.3.jar:/home/coder/.m2/repository/com/vaadin/external/google/android-json/0.0.20131108.vaadin1/android-json-0.0.20131108.vaadin1.jar:/home/coder/.m2/repository/org/springframework/spring-core/6.1.13/spring-core-6.1.13.jar:/home/coder/.m2/repository/org/springframework/spring-jcl/6.1.13/spring-jcl-6.1.13.jar:/home/coder/.m2/repository/org/springframework/spring-test/6.1.13/spring-test-6.1.13.jar:/home/coder/.m2/repository/org/xmlunit/xmlunit-core/2.9.1/xmlunit-core-2.9.1.jar:"/>
    <property name="java.vm.vendor" value="Debian"/>
    <property name="sun.arch.data.model" value="64"/>
    <property name="java.vendor.url" value="https://tracker.debian.org/openjdk-17"/>
    <property name="user.timezone" value="Etc/UTC"/>
    <property name="org.jboss.logging.provider" value="slf4j"/>
    <property name="os.name" value="Linux"/>
    <property name="java.vm.specification.version" value="17"/>
    <property name="sun.java.launcher" value="SUN_STANDARD"/>
    <property name="user.country" value="US"/>
    <property name="sun.boot.library.path" value="/usr/lib/jvm/java-17-openjdk-amd64/lib"/>
    <property name="sun.java.command" value="/home/coder/project/workspace/artf/target/surefire/surefirebooter-20241114053319208_3.jar /home/coder/project/workspace/artf/target/surefire 2024-11-14T05-33-19_148-jvmRun1 surefire-20241114053319208_1tmp surefire_0-20241114053319208_2tmp"/>
    <property name="jdk.debug" value="release"/>
    <property name="surefire.test.class.path" value="/home/coder/project/workspace/artf/target/test-classes:/home/coder/project/workspace/artf/target/classes:/home/coder/.m2/repository/org/springframework/boot/spring-boot-starter-data-jpa/3.3.4/spring-boot-starter-data-jpa-3.3.4.jar:/home/coder/.m2/repository/org/springframework/boot/spring-boot-starter-aop/3.3.4/spring-boot-starter-aop-3.3.4.jar:/home/coder/.m2/repository/org/springframework/spring-aop/6.1.13/spring-aop-6.1.13.jar:/home/coder/.m2/repository/org/aspectj/aspectjweaver/1.9.22.1/aspectjweaver-1.9.22.1.jar:/home/coder/.m2/repository/org/springframework/boot/spring-boot-starter-jdbc/3.3.4/spring-boot-starter-jdbc-3.3.4.jar:/home/coder/.m2/repository/com/zaxxer/HikariCP/5.1.0/HikariCP-5.1.0.jar:/home/coder/.m2/repository/org/springframework/spring-jdbc/6.1.13/spring-jdbc-6.1.13.jar:/home/coder/.m2/repository/org/hibernate/orm/hibernate-core/6.5.3.Final/hibernate-core-6.5.3.Final.jar:/home/coder/.m2/repository/jakarta/persistence/jakarta.persistence-api/3.1.0/jakarta.persistence-api-3.1.0.jar:/home/coder/.m2/repository/jakarta/transaction/jakarta.transaction-api/2.0.1/jakarta.transaction-api-2.0.1.jar:/home/coder/.m2/repository/org/jboss/logging/jboss-logging/3.5.3.Final/jboss-logging-3.5.3.Final.jar:/home/coder/.m2/repository/org/hibernate/common/hibernate-commons-annotations/6.0.6.Final/hibernate-commons-annotations-6.0.6.Final.jar:/home/coder/.m2/repository/io/smallrye/jandex/3.1.2/jandex-3.1.2.jar:/home/coder/.m2/repository/com/fasterxml/classmate/1.7.0/classmate-1.7.0.jar:/home/coder/.m2/repository/net/bytebuddy/byte-buddy/1.14.19/byte-buddy-1.14.19.jar:/home/coder/.m2/repository/org/glassfish/jaxb/jaxb-runtime/4.0.5/jaxb-runtime-4.0.5.jar:/home/coder/.m2/repository/org/glassfish/jaxb/jaxb-core/4.0.5/jaxb-core-4.0.5.jar:/home/coder/.m2/repository/org/eclipse/angus/angus-activation/2.0.2/angus-activation-2.0.2.jar:/home/coder/.m2/repository/org/glassfish/jaxb/txw2/4.0.5/txw2-4.0.5.jar:/home/coder/.m2/repository/com/sun/istack/istack-commons-runtime/4.1.2/istack-commons-runtime-4.1.2.jar:/home/coder/.m2/repository/jakarta/inject/jakarta.inject-api/2.0.1/jakarta.inject-api-2.0.1.jar:/home/coder/.m2/repository/org/antlr/antlr4-runtime/4.13.0/antlr4-runtime-4.13.0.jar:/home/coder/.m2/repository/org/springframework/data/spring-data-jpa/3.3.4/spring-data-jpa-3.3.4.jar:/home/coder/.m2/repository/org/springframework/data/spring-data-commons/3.3.4/spring-data-commons-3.3.4.jar:/home/coder/.m2/repository/org/springframework/spring-orm/6.1.13/spring-orm-6.1.13.jar:/home/coder/.m2/repository/org/springframework/spring-context/6.1.13/spring-context-6.1.13.jar:/home/coder/.m2/repository/org/springframework/spring-tx/6.1.13/spring-tx-6.1.13.jar:/home/coder/.m2/repository/org/springframework/spring-beans/6.1.13/spring-beans-6.1.13.jar:/home/coder/.m2/repository/jakarta/annotation/jakarta.annotation-api/2.1.1/jakarta.annotation-api-2.1.1.jar:/home/coder/.m2/repository/org/slf4j/slf4j-api/2.0.16/slf4j-api-2.0.16.jar:/home/coder/.m2/repository/org/springframework/spring-aspects/6.1.13/spring-aspects-6.1.13.jar:/home/coder/.m2/repository/org/springframework/boot/spring-boot-starter-web/3.3.4/spring-boot-starter-web-3.3.4.jar:/home/coder/.m2/repository/org/springframework/boot/spring-boot-starter/3.3.4/spring-boot-starter-3.3.4.jar:/home/coder/.m2/repository/org/springframework/boot/spring-boot-starter-logging/3.3.4/spring-boot-starter-logging-3.3.4.jar:/home/coder/.m2/repository/ch/qos/logback/logback-classic/1.5.8/logback-classic-1.5.8.jar:/home/coder/.m2/repository/ch/qos/logback/logback-core/1.5.8/logback-core-1.5.8.jar:/home/coder/.m2/repository/org/apache/logging/log4j/log4j-to-slf4j/2.23.1/log4j-to-slf4j-2.23.1.jar:/home/coder/.m2/repository/org/apache/logging/log4j/log4j-api/2.23.1/log4j-api-2.23.1.jar:/home/coder/.m2/repository/org/slf4j/jul-to-slf4j/2.0.16/jul-to-slf4j-2.0.16.jar:/home/coder/.m2/repository/org/yaml/snakeyaml/2.2/snakeyaml-2.2.jar:/home/coder/.m2/repository/org/springframework/boot/spring-boot-starter-json/3.3.4/spring-boot-starter-json-3.3.4.jar:/home/coder/.m2/repository/com/fasterxml/jackson/core/jackson-databind/2.17.2/jackson-databind-2.17.2.jar:/home/coder/.m2/repository/com/fasterxml/jackson/core/jackson-annotations/2.17.2/jackson-annotations-2.17.2.jar:/home/coder/.m2/repository/com/fasterxml/jackson/core/jackson-core/2.17.2/jackson-core-2.17.2.jar:/home/coder/.m2/repository/com/fasterxml/jackson/datatype/jackson-datatype-jdk8/2.17.2/jackson-datatype-jdk8-2.17.2.jar:/home/coder/.m2/repository/com/fasterxml/jackson/datatype/jackson-datatype-jsr310/2.17.2/jackson-datatype-jsr310-2.17.2.jar:/home/coder/.m2/repository/com/fasterxml/jackson/module/jackson-module-parameter-names/2.17.2/jackson-module-parameter-names-2.17.2.jar:/home/coder/.m2/repository/org/springframework/boot/spring-boot-starter-tomcat/3.3.4/spring-boot-starter-tomcat-3.3.4.jar:/home/coder/.m2/repository/org/apache/tomcat/embed/tomcat-embed-core/10.1.30/tomcat-embed-core-10.1.30.jar:/home/coder/.m2/repository/org/apache/tomcat/embed/tomcat-embed-el/10.1.30/tomcat-embed-el-10.1.30.jar:/home/coder/.m2/repository/org/apache/tomcat/embed/tomcat-embed-websocket/10.1.30/tomcat-embed-websocket-10.1.30.jar:/home/coder/.m2/repository/org/springframework/spring-web/6.1.13/spring-web-6.1.13.jar:/home/coder/.m2/repository/io/micrometer/micrometer-observation/1.13.4/micrometer-observation-1.13.4.jar:/home/coder/.m2/repository/io/micrometer/micrometer-commons/1.13.4/micrometer-commons-1.13.4.jar:/home/coder/.m2/repository/org/springframework/spring-webmvc/6.1.13/spring-webmvc-6.1.13.jar:/home/coder/.m2/repository/org/springframework/spring-expression/6.1.13/spring-expression-6.1.13.jar:/home/coder/.m2/repository/org/springframework/boot/spring-boot-devtools/3.3.4/spring-boot-devtools-3.3.4.jar:/home/coder/.m2/repository/org/springframework/boot/spring-boot/3.3.4/spring-boot-3.3.4.jar:/home/coder/.m2/repository/org/springframework/boot/spring-boot-autoconfigure/3.3.4/spring-boot-autoconfigure-3.3.4.jar:/home/coder/.m2/repository/com/mysql/mysql-connector-j/8.3.0/mysql-connector-j-8.3.0.jar:/home/coder/.m2/repository/org/postgresql/postgresql/42.7.4/postgresql-42.7.4.jar:/home/coder/.m2/repository/org/checkerframework/checker-qual/3.42.0/checker-qual-3.42.0.jar:/home/coder/.m2/repository/org/projectlombok/lombok/1.18.34/lombok-1.18.34.jar:/home/coder/.m2/repository/org/springframework/boot/spring-boot-starter-test/3.3.4/spring-boot-starter-test-3.3.4.jar:/home/coder/.m2/repository/org/springframework/boot/spring-boot-test/3.3.4/spring-boot-test-3.3.4.jar:/home/coder/.m2/repository/org/springframework/boot/spring-boot-test-autoconfigure/3.3.4/spring-boot-test-autoconfigure-3.3.4.jar:/home/coder/.m2/repository/com/jayway/jsonpath/json-path/2.9.0/json-path-2.9.0.jar:/home/coder/.m2/repository/jakarta/xml/bind/jakarta.xml.bind-api/4.0.2/jakarta.xml.bind-api-4.0.2.jar:/home/coder/.m2/repository/jakarta/activation/jakarta.activation-api/2.1.3/jakarta.activation-api-2.1.3.jar:/home/coder/.m2/repository/net/minidev/json-smart/2.5.1/json-smart-2.5.1.jar:/home/coder/.m2/repository/net/minidev/accessors-smart/2.5.1/accessors-smart-2.5.1.jar:/home/coder/.m2/repository/org/ow2/asm/asm/9.6/asm-9.6.jar:/home/coder/.m2/repository/org/assertj/assertj-core/3.25.3/assertj-core-3.25.3.jar:/home/coder/.m2/repository/org/awaitility/awaitility/4.2.2/awaitility-4.2.2.jar:/home/coder/.m2/repository/org/hamcrest/hamcrest/2.2/hamcrest-2.2.jar:/home/coder/.m2/repository/org/junit/jupiter/junit-jupiter/5.10.3/junit-jupiter-5.10.3.jar:/home/coder/.m2/repository/org/junit/jupiter/junit-jupiter-api/5.10.3/junit-jupiter-api-5.10.3.jar:/home/coder/.m2/repository/org/opentest4j/opentest4j/1.3.0/opentest4j-1.3.0.jar:/home/coder/.m2/repository/org/junit/platform/junit-platform-commons/1.10.3/junit-platform-commons-1.10.3.jar:/home/coder/.m2/repository/org/apiguardian/apiguardian-api/1.1.2/apiguardian-api-1.1.2.jar:/home/coder/.m2/repository/org/junit/jupiter/junit-jupiter-params/5.10.3/junit-jupiter-params-5.10.3.jar:/home/coder/.m2/repository/org/junit/jupiter/junit-jupiter-engine/5.10.3/junit-jupiter-engine-5.10.3.jar:/home/coder/.m2/repository/org/junit/platform/junit-platform-engine/1.10.3/junit-platform-engine-1.10.3.jar:/home/coder/.m2/repository/org/mockito/mockito-core/5.11.0/mockito-core-5.11.0.jar:/home/coder/.m2/repository/net/bytebuddy/byte-buddy-agent/1.14.19/byte-buddy-agent-1.14.19.jar:/home/coder/.m2/repository/org/objenesis/objenesis/3.3/objenesis-3.3.jar:/home/coder/.m2/repository/org/mockito/mockito-junit-jupiter/5.11.0/mockito-junit-jupiter-5.11.0.jar:/home/coder/.m2/repository/org/skyscreamer/jsonassert/1.5.3/jsonassert-1.5.3.jar:/home/coder/.m2/repository/com/vaadin/external/google/android-json/0.0.20131108.vaadin1/android-json-0.0.20131108.vaadin1.jar:/home/coder/.m2/repository/org/springframework/spring-core/6.1.13/spring-core-6.1.13.jar:/home/coder/.m2/repository/org/springframework/spring-jcl/6.1.13/spring-jcl-6.1.13.jar:/home/coder/.m2/repository/org/springframework/spring-test/6.1.13/spring-test-6.1.13.jar:/home/coder/.m2/repository/org/xmlunit/xmlunit-core/2.9.1/xmlunit-core-2.9.1.jar:"/>
    <property name="sun.cpu.endian" value="little"/>
    <property name="user.home" value="/home/coder"/>
    <property name="user.language" value="en"/>
    <property name="java.specification.vendor" value="Oracle Corporation"/>
    <property name="java.version.date" value="2024-07-16"/>
    <property name="java.home" value="/usr/lib/jvm/java-17-openjdk-amd64"/>
    <property name="file.separator" value="/"/>
    <property name="basedir" value="/home/coder/project/workspace/artf"/>
    <property name="java.vm.compressedOopsMode" value="32-bit"/>
    <property name="line.separator" value="&#10;"/>
    <property name="java.specification.name" value="Java Platform API Specification"/>
    <property name="java.vm.specification.vendor" value="Oracle Corporation"/>
    <property name="FILE_LOG_CHARSET" value="UTF-8"/>
    <property name="java.awt.headless" value="true"/>
    <property name="surefire.real.class.path" value="/home/coder/project/workspace/artf/target/surefire/surefirebooter-20241114053319208_3.jar"/>
    <property name="sun.management.compiler" value="HotSpot 64-Bit Tiered Compilers"/>
    <property name="java.runtime.version" value="17.0.12+7-Debian-2deb11u1"/>
    <property name="user.name" value="coder"/>
    <property name="path.separator" value=":"/>
    <property name="os.version" value="6.1.100+"/>
    <property name="java.runtime.name" value="OpenJDK Runtime Environment"/>
    <property name="file.encoding" value="UTF-8"/>
    <property name="java.vm.name" value="OpenJDK 64-Bit Server VM"/>
    <property name="localRepository" value="/home/coder/.m2/repository"/>
    <property name="java.vendor.url.bug" value="https://bugs.debian.org/openjdk-17"/>
    <property name="java.io.tmpdir" value="/tmp"/>
    <property name="java.version" value="17.0.12"/>
    <property name="user.dir" value="/home/coder/project/workspace/artf"/>
    <property name="os.arch" value="amd64"/>
    <property name="java.vm.specification.name" value="Java Virtual Machine Specification"/>
    <property name="PID" value="33891"/>
    <property name="CONSOLE_LOG_CHARSET" value="UTF-8"/>
    <property name="native.encoding" value="UTF-8"/>
    <property name="java.library.path" value="/usr/java/packages/lib:/usr/lib/x86_64-linux-gnu/jni:/lib/x86_64-linux-gnu:/usr/lib/x86_64-linux-gnu:/usr/lib/jni:/lib:/usr/lib"/>
    <property name="java.vm.info" value="mixed mode, sharing"/>
    <property name="java.vendor" value="Debian"/>
    <property name="java.vm.version" value="17.0.12+7-Debian-2deb11u1"/>
    <property name="sun.io.unicode.encoding" value="UnicodeLittle"/>
    <property name="java.class.version" value="61.0"/>
  </properties>
  <testcase name="getAllForumPostsTest" classname="com.prjgrp.artf.VehicleRepairHubApplicationTests" time="0.167">
    <system-out><![CDATA[05:33:19.865 [main] INFO org.springframework.test.context.support.AnnotationConfigContextLoaderUtils -- Could not detect default configuration classes for test class [com.prjgrp.artf.VehicleRepairHubApplicationTests]: VehicleRepairHubApplicationTests does not declare any static, non-private, non-final, nested classes annotated with @Configuration.
05:33:20.031 [main] INFO org.springframework.boot.test.context.SpringBootTestContextBootstrapper -- Found @SpringBootConfiguration com.prjgrp.artf.ArtfApplication for test class com.prjgrp.artf.VehicleRepairHubApplicationTests
05:33:20.115 [main] INFO org.springframework.boot.devtools.restart.RestartApplicationListener -- Restart disabled due to context in which it is running

  .   ____          _            __ _ _
 /\\ / ___'_ __ _ _(_)_ __  __ _ \ \ \ \
( ( )\___ | '_ | '_| | '_ \/ _` | \ \ \ \
 \\/  ___)| |_)| | | | | || (_| |  ) ) ) )
  '  |____| .__|_| |_|_| |_\__, | / / / /
 =========|_|==============|___/=/_/_/_/

 :: Spring Boot ::                (v3.3.4)

2024-11-14T05:33:20.444Z  INFO 33891 --- [           main] c.p.a.VehicleRepairHubApplicationTests   : Starting VehicleRepairHubApplicationTests using Java 17.0.12 with PID 33891 (started by coder in /home/coder/project/workspace/artf)
2024-11-14T05:33:20.449Z  INFO 33891 --- [           main] c.p.a.VehicleRepairHubApplicationTests   : No active profile set, falling back to 1 default profile: "default"
2024-11-14T05:33:20.479Z DEBUG 33891 --- [           main] o.s.w.c.s.GenericWebApplicationContext   : Refreshing org.springframework.web.context.support.GenericWebApplicationContext@74d7184a
2024-11-14T05:33:22.111Z DEBUG 33891 --- [           main] s.w.s.m.m.a.RequestMappingHandlerMapping : 19 mappings in 'requestMappingHandlerMapping'
2024-11-14T05:33:22.226Z DEBUG 33891 --- [           main] o.s.w.s.handler.SimpleUrlHandlerMapping  : Patterns [/webjars/**, /**] in 'resourceHandlerMapping'
2024-11-14T05:33:22.268Z DEBUG 33891 --- [           main] s.w.s.m.m.a.RequestMappingHandlerAdapter : ControllerAdvice beans: 0 @ModelAttribute, 0 @InitBinder, 1 RequestBodyAdvice, 1 ResponseBodyAdvice
2024-11-14T05:33:22.302Z DEBUG 33891 --- [           main] .m.m.a.ExceptionHandlerExceptionResolver : ControllerAdvice beans: 0 @ExceptionHandler, 1 ResponseBodyAdvice
2024-11-14T05:33:22.351Z  INFO 33891 --- [           main] o.s.b.t.m.w.SpringBootMockServletContext : Initializing Spring TestDispatcherServlet ''
2024-11-14T05:33:22.352Z  INFO 33891 --- [           main] o.s.t.web.servlet.TestDispatcherServlet  : Initializing Servlet ''
2024-11-14T05:33:22.355Z  INFO 33891 --- [           main] o.s.t.web.servlet.TestDispatcherServlet  : Completed initialization in 1 ms
2024-11-14T05:33:22.385Z  INFO 33891 --- [           main] c.p.a.VehicleRepairHubApplicationTests   : Started VehicleRepairHubApplicationTests in 2.28 seconds (process running for 3.137)
2024-11-14T05:33:22.455Z DEBUG 33891 --- [           main] s.w.s.m.m.a.RequestMappingHandlerMapping : Mapped to com.prjgrp.artf.controller.ForumController#getAllForumPosts()
2024-11-14T05:33:22.478Z DEBUG 33891 --- [           main] o.s.w.s.m.m.a.HttpEntityMethodProcessor  : Using 'application/json', given [*/*] and supported [application/json, application/*+json]
2024-11-14T05:33:22.479Z DEBUG 33891 --- [           main] o.s.w.s.m.m.a.HttpEntityMethodProcessor  : Writing [[com.prjgrp.artf.entity.Forum@2b7774d5, com.prjgrp.artf.entity.Forum@7d284f15]]
]]></system-out>
  </testcase>
  <testcase name="deleteForumPostTest" classname="com.prjgrp.artf.VehicleRepairHubApplicationTests" time="0.017">
    <system-out><![CDATA[2024-11-14T05:33:22.574Z DEBUG 33891 --- [           main] s.w.s.m.m.a.RequestMappingHandlerMapping : Mapped to com.prjgrp.artf.controller.ForumController#deleteForumPost(Long)
2024-11-14T05:33:22.582Z DEBUG 33891 --- [           main] o.s.w.s.m.m.a.HttpEntityMethodProcessor  : Using 'application/json', given [*/*] and supported [application/json, application/*+json]
2024-11-14T05:33:22.583Z DEBUG 33891 --- [           main] o.s.w.s.m.m.a.HttpEntityMethodProcessor  : Nothing to write: null body
]]></system-out>
  </testcase>
  <testcase name="getRepairGuideByIdTest" classname="com.prjgrp.artf.VehicleRepairHubApplicationTests" time="0.015">
    <system-out><![CDATA[2024-11-14T05:33:22.595Z DEBUG 33891 --- [           main] s.w.s.m.m.a.RequestMappingHandlerMapping : Mapped to com.prjgrp.artf.controller.RepairGuideController#getRepairGuideById(Long)
2024-11-14T05:33:22.600Z DEBUG 33891 --- [           main] o.s.w.s.m.m.a.HttpEntityMethodProcessor  : Using 'application/json', given [*/*] and supported [application/json, application/*+json]
2024-11-14T05:33:22.601Z DEBUG 33891 --- [           main] o.s.w.s.m.m.a.HttpEntityMethodProcessor  : Writing [com.prjgrp.artf.entity.RepairGuide@44a93f8a]
]]></system-out>
  </testcase>
  <testcase name="getAllDiagnosticsTest" classname="com.prjgrp.artf.VehicleRepairHubApplicationTests" time="0.011">
    <system-out><![CDATA[2024-11-14T05:33:22.612Z DEBUG 33891 --- [           main] s.w.s.m.m.a.RequestMappingHandlerMapping : Mapped to com.prjgrp.artf.controller.DiagnosticController#getAllDiagnostics()
2024-11-14T05:33:22.613Z DEBUG 33891 --- [           main] o.s.w.s.m.m.a.HttpEntityMethodProcessor  : Using 'application/json', given [*/*] and supported [application/json, application/*+json]
2024-11-14T05:33:22.613Z DEBUG 33891 --- [           main] o.s.w.s.m.m.a.HttpEntityMethodProcessor  : Writing [[com.prjgrp.artf.entity.Diagnostic@608b35fa, com.prjgrp.artf.entity.Diagnostic@13a268cd]]
]]></system-out>
  </testcase>
  <testcase name="getDiagnosticByIdTest" classname="com.prjgrp.artf.VehicleRepairHubApplicationTests" time="0.01">
    <system-out><![CDATA[2024-11-14T05:33:22.624Z DEBUG 33891 --- [           main] s.w.s.m.m.a.RequestMappingHandlerMapping : Mapped to com.prjgrp.artf.controller.DiagnosticController#getDiagnosticById(Long)
2024-11-14T05:33:22.627Z DEBUG 33891 --- [           main] o.s.w.s.m.m.a.HttpEntityMethodProcessor  : Using 'application/json', given [*/*] and supported [application/json, application/*+json]
2024-11-14T05:33:22.627Z DEBUG 33891 --- [           main] o.s.w.s.m.m.a.HttpEntityMethodProcessor  : Writing [com.prjgrp.artf.entity.Diagnostic@47198524]
]]></system-out>
  </testcase>
  <testcase name="getMaintenanceByIdTest" classname="com.prjgrp.artf.VehicleRepairHubApplicationTests" time="0.014">
    <system-out><![CDATA[2024-11-14T05:33:22.639Z DEBUG 33891 --- [           main] s.w.s.m.m.a.RequestMappingHandlerMapping : Mapped to com.prjgrp.artf.controller.MaintenanceController#getMaintenanceById(Long)
2024-11-14T05:33:22.642Z DEBUG 33891 --- [           main] o.s.w.s.m.m.a.HttpEntityMethodProcessor  : Using 'application/json', given [*/*] and supported [application/json, application/*+json]
2024-11-14T05:33:22.643Z DEBUG 33891 --- [           main] o.s.w.s.m.m.a.HttpEntityMethodProcessor  : Writing [com.prjgrp.artf.entity.Maintenance@1846ad0f]
]]></system-out>
  </testcase>
  <testcase name="createForumPostTest" classname="com.prjgrp.artf.VehicleRepairHubApplicationTests" time="0.05">
    <system-out><![CDATA[2024-11-14T05:33:22.655Z DEBUG 33891 --- [           main] s.w.s.m.m.a.RequestMappingHandlerMapping : Mapped to com.prjgrp.artf.controller.ForumController#createForumPost(Forum)
2024-11-14T05:33:22.678Z DEBUG 33891 --- [           main] m.m.a.RequestResponseBodyMethodProcessor : Read "application/json;charset=UTF-8" to [com.prjgrp.artf.entity.Forum@405d8a80]
2024-11-14T05:33:22.695Z DEBUG 33891 --- [           main] o.s.w.s.m.m.a.HttpEntityMethodProcessor  : Using 'application/json', given [*/*] and supported [application/json, application/*+json]
2024-11-14T05:33:22.695Z DEBUG 33891 --- [           main] o.s.w.s.m.m.a.HttpEntityMethodProcessor  : Writing [com.prjgrp.artf.entity.Forum@5f6e2ad9]
]]></system-out>
  </testcase>
  <testcase name="getAllRepairGuidesTest" classname="com.prjgrp.artf.VehicleRepairHubApplicationTests" time="0.007">
    <system-out><![CDATA[2024-11-14T05:33:22.705Z DEBUG 33891 --- [           main] s.w.s.m.m.a.RequestMappingHandlerMapping : Mapped to com.prjgrp.artf.controller.RepairGuideController#getAllRepairGuides()
2024-11-14T05:33:22.706Z DEBUG 33891 --- [           main] o.s.w.s.m.m.a.HttpEntityMethodProcessor  : Using 'application/json', given [*/*] and supported [application/json, application/*+json]
2024-11-14T05:33:22.706Z DEBUG 33891 --- [           main] o.s.w.s.m.m.a.HttpEntityMethodProcessor  : Writing [[com.prjgrp.artf.entity.RepairGuide@7e50eeb9, com.prjgrp.artf.entity.RepairGuide@34cb0e49]]
]]></system-out>
  </testcase>
  <testcase name="createRepairGuideTest" classname="com.prjgrp.artf.VehicleRepairHubApplicationTests" time="0.008">
    <system-out><![CDATA[2024-11-14T05:33:22.715Z DEBUG 33891 --- [           main] s.w.s.m.m.a.RequestMappingHandlerMapping : Mapped to com.prjgrp.artf.controller.RepairGuideController#createRepairGuide(RepairGuide)
2024-11-14T05:33:22.717Z DEBUG 33891 --- [           main] m.m.a.RequestResponseBodyMethodProcessor : Read "application/json;charset=UTF-8" to [com.prjgrp.artf.entity.RepairGuide@7d12429]
2024-11-14T05:33:22.718Z DEBUG 33891 --- [           main] o.s.w.s.m.m.a.HttpEntityMethodProcessor  : Using 'application/json', given [*/*] and supported [application/json, application/*+json]
2024-11-14T05:33:22.718Z DEBUG 33891 --- [           main] o.s.w.s.m.m.a.HttpEntityMethodProcessor  : Writing [com.prjgrp.artf.entity.RepairGuide@20be890d]
]]></system-out>
  </testcase>
  <testcase name="createDiagnosticTest" classname="com.prjgrp.artf.VehicleRepairHubApplicationTests" time="0.009">
    <system-out><![CDATA[2024-11-14T05:33:22.725Z DEBUG 33891 --- [           main] s.w.s.m.m.a.RequestMappingHandlerMapping : Mapped to com.prjgrp.artf.controller.DiagnosticController#createDiagnostic(Diagnostic)
2024-11-14T05:33:22.727Z DEBUG 33891 --- [           main] m.m.a.RequestResponseBodyMethodProcessor : Read "application/json;charset=UTF-8" to [com.prjgrp.artf.entity.Diagnostic@769b0752]
2024-11-14T05:33:22.728Z DEBUG 33891 --- [           main] o.s.w.s.m.m.a.HttpEntityMethodProcessor  : Using 'application/json', given [*/*] and supported [application/json, application/*+json]
2024-11-14T05:33:22.728Z DEBUG 33891 --- [           main] o.s.w.s.m.m.a.HttpEntityMethodProcessor  : Writing [com.prjgrp.artf.entity.Diagnostic@dae5e0]
]]></system-out>
  </testcase>
  <testcase name="getForumPostByIdTest" classname="com.prjgrp.artf.VehicleRepairHubApplicationTests" time="0.006">
    <system-out><![CDATA[2024-11-14T05:33:22.736Z DEBUG 33891 --- [           main] s.w.s.m.m.a.RequestMappingHandlerMapping : Mapped to com.prjgrp.artf.controller.ForumController#getForumPostById(Long)
2024-11-14T05:33:22.737Z DEBUG 33891 --- [           main] o.s.w.s.m.m.a.HttpEntityMethodProcessor  : Using 'application/json', given [*/*] and supported [application/json, application/*+json]
2024-11-14T05:33:22.737Z DEBUG 33891 --- [           main] o.s.w.s.m.m.a.HttpEntityMethodProcessor  : Writing [com.prjgrp.artf.entity.Forum@280484c7]
]]></system-out>
  </testcase>
  <testcase name="createMaintenanceTest" classname="com.prjgrp.artf.VehicleRepairHubApplicationTests" time="0.008">
    <system-out><![CDATA[2024-11-14T05:33:22.744Z DEBUG 33891 --- [           main] s.w.s.m.m.a.RequestMappingHandlerMapping : Mapped to com.prjgrp.artf.controller.MaintenanceController#createMaintenance(Maintenance)
2024-11-14T05:33:22.746Z DEBUG 33891 --- [           main] m.m.a.RequestResponseBodyMethodProcessor : Read "application/json;charset=UTF-8" to [com.prjgrp.artf.entity.Maintenance@3e98b933]
2024-11-14T05:33:22.747Z DEBUG 33891 --- [           main] o.s.w.s.m.m.a.HttpEntityMethodProcessor  : Using 'application/json', given [*/*] and supported [application/json, application/*+json]
2024-11-14T05:33:22.747Z DEBUG 33891 --- [           main] o.s.w.s.m.m.a.HttpEntityMethodProcessor  : Writing [com.prjgrp.artf.entity.Maintenance@222d9d4f]
]]></system-out>
  </testcase>
  <testcase name="getAllMaintenancesTest" classname="com.prjgrp.artf.VehicleRepairHubApplicationTests" time="0.006">
    <system-out><![CDATA[2024-11-14T05:33:22.754Z DEBUG 33891 --- [           main] s.w.s.m.m.a.RequestMappingHandlerMapping : Mapped to com.prjgrp.artf.controller.MaintenanceController#getAllMaintenances()
2024-11-14T05:33:22.755Z DEBUG 33891 --- [           main] o.s.w.s.m.m.a.HttpEntityMethodProcessor  : Using 'application/json', given [*/*] and supported [application/json, application/*+json]
2024-11-14T05:33:22.755Z DEBUG 33891 --- [           main] o.s.w.s.m.m.a.HttpEntityMethodProcessor  : Writing [[com.prjgrp.artf.entity.Maintenance@4ae49387, com.prjgrp.artf.entity.Maintenance@6abb7b7d]]
]]></system-out>
  </testcase>
  <testcase name="updateRepairGuideTest" classname="com.prjgrp.artf.VehicleRepairHubApplicationTests" time="0.007">
    <system-out><![CDATA[2024-11-14T05:33:22.762Z DEBUG 33891 --- [           main] s.w.s.m.m.a.RequestMappingHandlerMapping : Mapped to com.prjgrp.artf.controller.RepairGuideController#updateRepairGuide(Long, RepairGuide)
2024-11-14T05:33:22.763Z DEBUG 33891 --- [           main] m.m.a.RequestResponseBodyMethodProcessor : Read "application/json;charset=UTF-8" to [com.prjgrp.artf.entity.RepairGuide@1aeff8ca]
2024-11-14T05:33:22.764Z DEBUG 33891 --- [           main] o.s.w.s.m.m.a.HttpEntityMethodProcessor  : Using 'application/json', given [*/*] and supported [application/json, application/*+json]
2024-11-14T05:33:22.764Z DEBUG 33891 --- [           main] o.s.w.s.m.m.a.HttpEntityMethodProcessor  : Writing [com.prjgrp.artf.entity.RepairGuide@7f2c995b]
]]></system-out>
  </testcase>
</testsuite>